2025-04-10 10:26:54.547 [info] Extension host with pid 3927 started
2025-04-10 10:26:54.581 [info] Lock '/home/aysen_popov_1999/.codeoss/data/User/workspaceStorage/1c417dca/vscode.lock': Lock acquired.
2025-04-10 10:26:54.979 [info] ExtensionService#_doActivateExtension vscode.emmet, startup: false, activationEvent: 'onLanguage'
2025-04-10 10:26:54.980 [info] ExtensionService#_doActivateExtension vscode.typescript-language-features, startup: false, activationEvent: 'onLanguage:javascript'
2025-04-10 10:26:55.685 [info] ExtensionService#_doActivateExtension vscode.git-base, startup: true, activationEvent: '*', root cause: vscode.git
2025-04-10 10:26:56.962 [info] ExtensionService#_doActivateExtension vscode.git, startup: true, activationEvent: '*'
2025-04-10 10:26:56.962 [info] ExtensionService#_doActivateExtension vscode.github, startup: true, activationEvent: '*'
2025-04-10 10:26:58.415 [info] ExtensionService#_doActivateExtension redhat.fabric8-analytics, startup: true, activationEvent: 'workspaceContains:**/package.json,**/pom.xml,**/go.mod,**/requirements.txt,**/build.gradle,**/Dockerfile,**/Containerfile'
2025-04-10 10:26:59.821 [info] Eager extensions activated
2025-04-10 10:26:59.822 [info] ExtensionService#_doActivateExtension EditorConfig.EditorConfig, startup: false, activationEvent: 'onStartupFinished'
2025-04-10 10:26:59.822 [info] ExtensionService#_doActivateExtension google.cloud-shell, startup: false, activationEvent: 'onStartupFinished'
2025-04-10 10:26:59.823 [info] ExtensionService#_doActivateExtension google.geminicodeassist, startup: false, activationEvent: 'onStartupFinished', root cause: googlecloudtools.cloudcode
2025-04-10 10:26:59.823 [info] ExtensionService#_doActivateExtension vscode.debug-auto-launch, startup: false, activationEvent: 'onStartupFinished'
2025-04-10 10:26:59.824 [info] ExtensionService#_doActivateExtension vscode.merge-conflict, startup: false, activationEvent: 'onStartupFinished'
2025-04-10 10:27:02.975 [info] ExtensionService#_doActivateExtension vscode.github-authentication, startup: false, activationEvent: 'onAuthenticationRequest:github'
2025-04-10 10:27:03.571 [info] ExtensionService#_doActivateExtension googlecloudtools.cloudcode, startup: false, activationEvent: 'onStartupFinished'
2025-04-10 10:27:06.294 [info] ExtensionService#_doActivateExtension vscode.configuration-editing, startup: false, activationEvent: 'onLanguage:jsonc'
2025-04-10 10:27:06.295 [info] ExtensionService#_doActivateExtension vscode.json-language-features, startup: false, activationEvent: 'onLanguage:jsonc'
2025-04-10 10:33:50.526 [warning] [Decorations] CAPPING events from decorations provider vscode.git 1277
2025-04-10 10:33:50.932 [warning] [Decorations] CAPPING events from decorations provider vscode.git 1277
2025-04-10 10:36:32.738 [warning] [Decorations] CAPPING events from decorations provider vscode.git 1278
2025-04-10 10:36:37.827 [warning] [Decorations] CAPPING events from decorations provider vscode.git 1278
2025-04-10 10:36:57.058 [warning] [Decorations] CAPPING events from decorations provider vscode.git 1278
2025-04-10 10:37:02.146 [warning] [Decorations] CAPPING events from decorations provider vscode.git 1278
2025-04-10 10:37:34.772 [warning] [Decorations] CAPPING events from decorations provider vscode.git 1279
2025-04-10 10:37:34.825 [info] ExtensionService#_doActivateExtension vscode.extension-editing, startup: false, activationEvent: 'onLanguage:json'
2025-04-10 10:37:34.825 [info] ExtensionService#_doActivateExtension vscode.npm, startup: false, activationEvent: 'onLanguage:json'
