0 verbose cli /usr/local/nvm/versions/node/v22.14.0/bin/node /usr/local/nvm/versions/node/v22.14.0/bin/npm
1 info using npm@11.2.0
2 info using node@v22.14.0
3 silly config load:file:/usr/local/nvm/versions/node/v22.14.0/lib/node_modules/npm/npmrc
4 silly config load:file:/home/aysen_popov_1999/.cache/typescript/5.6/.npmrc
5 silly config load:file:/home/aysen_popov_1999/.npmrc
6 silly config load:file:/usr/local/nvm/versions/node/v22.14.0/etc/npmrc
7 verbose title npm install types-registry@latest
8 verbose argv "install" "--ignore-scripts" "types-registry@latest"
9 verbose logfile logs-max:10 dir:/home/aysen_popov_1999/.npm/_logs/2025-04-10T10_27_01_710Z-
10 verbose logfile /home/aysen_popov_1999/.npm/_logs/2025-04-10T10_27_01_710Z-debug-0.log
11 silly logfile start cleaning logs, removing 2 files
12 silly packumentCache heap:2197815296 maxSize:549453824 maxEntrySize:274726912
13 silly logfile done cleaning log files
14 silly packumentCache corgi:https://registry.npmjs.org/types-registry cache-miss
15 http fetch GET 200 https://registry.npmjs.org/types-registry 264ms (cache updated)
16 silly packumentCache corgi:https://registry.npmjs.org/types-registry set size:undefined disposed:false
17 silly idealTree buildDeps
18 silly fetch manifest types-registry@0.1.715
19 silly packumentCache full:https://registry.npmjs.org/types-registry cache-miss
20 http fetch GET 200 https://registry.npmjs.org/types-registry 167ms (cache updated)
21 silly packumentCache full:https://registry.npmjs.org/types-registry set size:undefined disposed:false
22 silly placeDep ROOT types-registry@0.1.715 REPLACE for:  want: 0.1.715
23 silly reify moves {}
24 silly audit bulk request {
24 silly audit   '@types/body-parser': [ '1.19.5' ],
24 silly audit   '@types/connect': [ '3.4.38' ],
24 silly audit   '@types/express': [ '5.0.1' ],
24 silly audit   '@types/express-serve-static-core': [ '5.0.6' ],
24 silly audit   '@types/http-errors': [ '2.0.4' ],
24 silly audit   '@types/mime': [ '1.3.5' ],
24 silly audit   '@types/node': [ '22.14.0' ],
24 silly audit   '@types/pug': [ '2.0.10' ],
24 silly audit   '@types/qs': [ '6.9.18' ],
24 silly audit   '@types/range-parser': [ '1.2.7' ],
24 silly audit   '@types/send': [ '0.17.4' ],
24 silly audit   '@types/serve-static': [ '1.15.7' ],
24 silly audit   'undici-types': [ '6.21.0' ],
24 silly audit   'types-registry': [ '0.1.715' ]
24 silly audit }
25 http fetch POST 200 https://registry.npmjs.org/-/npm/v1/security/advisories/bulk 213ms
26 silly audit report {}
27 verbose cwd /home/aysen_popov_1999/.cache/typescript/5.6
28 verbose os Linux 6.6.72+
29 verbose node v22.14.0
30 verbose npm  v11.2.0
31 verbose exit 0
32 info ok
