0 verbose cli /usr/local/nvm/versions/node/v22.14.0/bin/node /usr/local/nvm/versions/node/v22.14.0/bin/npm
1 info using npm@11.2.0
2 info using node@v22.14.0
3 silly config load:file:/usr/local/nvm/versions/node/v22.14.0/lib/node_modules/npm/npmrc
4 silly config load:file:/home/aysen_popov_1999/.cache/typescript/5.6/.npmrc
5 silly config load:file:/home/aysen_popov_1999/.npmrc
6 silly config load:file:/usr/local/nvm/versions/node/v22.14.0/etc/npmrc
7 verbose title npm install @types/express@ts5.6 @types/pug@ts5.6
8 verbose argv "install" "--ignore-scripts" "@types/express@ts5.6" "@types/pug@ts5.6" "--save-dev" "--user-agent" "typesInstaller/5.6.3"
9 verbose logfile logs-max:10 dir:/home/aysen_popov_1999/.npm/_logs/2025-04-10T10_27_03_711Z-
10 verbose logfile /home/aysen_popov_1999/.npm/_logs/2025-04-10T10_27_03_711Z-debug-0.log
11 silly logfile start cleaning logs, removing 1 files
12 silly logfile done cleaning log files
13 silly packumentCache heap:2197815296 maxSize:549453824 maxEntrySize:274726912
14 silly packumentCache corgi:https://registry.npmjs.org/@types%2fexpress cache-miss
15 silly packumentCache corgi:https://registry.npmjs.org/@types%2fpug cache-miss
16 http fetch GET 200 https://registry.npmjs.org/@types%2fexpress 236ms (cache updated)
17 silly packumentCache corgi:https://registry.npmjs.org/@types%2fexpress set size:undefined disposed:false
18 http fetch GET 200 https://registry.npmjs.org/@types%2fpug 1226ms (cache updated)
19 silly packumentCache corgi:https://registry.npmjs.org/@types%2fpug set size:undefined disposed:false
20 silly idealTree buildDeps
21 silly fetch manifest @types/express@5.0.1
22 silly packumentCache full:https://registry.npmjs.org/@types%2fexpress cache-miss
23 http fetch GET 200 https://registry.npmjs.org/@types%2fexpress 99ms (cache updated)
24 silly packumentCache full:https://registry.npmjs.org/@types%2fexpress set size:undefined disposed:false
25 silly fetch manifest @types/pug@2.0.10
26 silly packumentCache full:https://registry.npmjs.org/@types%2fpug cache-miss
27 http fetch GET 200 https://registry.npmjs.org/@types%2fpug 150ms (cache updated)
28 silly packumentCache full:https://registry.npmjs.org/@types%2fpug set size:undefined disposed:false
29 silly placeDep ROOT @types/express@5.0.1 REPLACE for:  want: 5.0.1
30 silly placeDep ROOT @types/pug@2.0.10 REPLACE for:  want: 2.0.10
31 silly reify moves {}
32 silly audit bulk request {
32 silly audit   '@types/body-parser': [ '1.19.5' ],
32 silly audit   '@types/connect': [ '3.4.38' ],
32 silly audit   '@types/express-serve-static-core': [ '5.0.6' ],
32 silly audit   '@types/http-errors': [ '2.0.4' ],
32 silly audit   '@types/mime': [ '1.3.5' ],
32 silly audit   '@types/node': [ '22.14.0' ],
32 silly audit   '@types/qs': [ '6.9.18' ],
32 silly audit   '@types/range-parser': [ '1.2.7' ],
32 silly audit   '@types/send': [ '0.17.4' ],
32 silly audit   '@types/serve-static': [ '1.15.7' ],
32 silly audit   'types-registry': [ '0.1.715' ],
32 silly audit   'undici-types': [ '6.21.0' ],
32 silly audit   '@types/express': [ '5.0.1' ],
32 silly audit   '@types/pug': [ '2.0.10' ]
32 silly audit }
33 http fetch POST 200 https://registry.npmjs.org/-/npm/v1/security/advisories/bulk 203ms
34 silly audit report {}
35 verbose cwd /home/aysen_popov_1999/.cache/typescript/5.6
36 verbose os Linux 6.6.72+
37 verbose node v22.14.0
38 verbose npm  v11.2.0
39 verbose exit 0
40 info ok
