0 verbose cli /usr/local/nvm/versions/node/v22.14.0/bin/node /usr/local/nvm/versions/node/v22.14.0/bin/npm
1 info using npm@11.2.0
2 info using node@v22.14.0
3 silly config load:file:/usr/local/nvm/versions/node/v22.14.0/lib/node_modules/npm/npmrc
4 silly config load:file:/home/aysen_popov_1999/.cache/typescript/5.6/.npmrc
5 silly config load:file:/home/aysen_popov_1999/.npmrc
6 silly config load:file:/usr/local/nvm/versions/node/v22.14.0/etc/npmrc
7 verbose title npm install @types/express@ts5.6 @types/pug@ts5.6
8 verbose argv "install" "--ignore-scripts" "@types/express@ts5.6" "@types/pug@ts5.6" "--save-dev" "--user-agent" "typesInstaller/5.6.3"
9 verbose logfile logs-max:10 dir:/home/aysen_popov_1999/.npm/_logs/2025-04-10T09_58_23_211Z-
10 verbose logfile /home/aysen_popov_1999/.npm/_logs/2025-04-10T09_58_23_211Z-debug-0.log
11 silly logfile start cleaning logs, removing 1 files
12 silly packumentCache heap:2197815296 maxSize:549453824 maxEntrySize:274726912
13 silly logfile done cleaning log files
14 silly packumentCache corgi:https://registry.npmjs.org/@types%2fexpress cache-miss
15 silly packumentCache corgi:https://registry.npmjs.org/@types%2fpug cache-miss
16 http fetch GET 200 https://registry.npmjs.org/@types%2fpug 162ms (cache miss)
17 silly packumentCache corgi:https://registry.npmjs.org/@types%2fpug set size:undefined disposed:false
18 http fetch GET 200 https://registry.npmjs.org/@types%2fexpress 167ms (cache miss)
19 silly packumentCache corgi:https://registry.npmjs.org/@types%2fexpress set size:undefined disposed:false
20 silly idealTree buildDeps
21 silly fetch manifest @types/pug@2.0.10
22 silly packumentCache full:https://registry.npmjs.org/@types%2fpug cache-miss
23 http fetch GET 200 https://registry.npmjs.org/@types%2fpug 59ms (cache miss)
24 silly packumentCache full:https://registry.npmjs.org/@types%2fpug set size:undefined disposed:false
25 silly fetch manifest @types/express@5.0.1
26 silly packumentCache full:https://registry.npmjs.org/@types%2fexpress cache-miss
27 http fetch GET 200 https://registry.npmjs.org/@types%2fexpress 45ms (cache miss)
28 silly packumentCache full:https://registry.npmjs.org/@types%2fexpress set size:undefined disposed:false
29 silly placeDep ROOT @types/express@5.0.1 OK for:  want: 5.0.1
30 silly placeDep ROOT @types/pug@2.0.10 OK for:  want: 2.0.10
31 silly fetch manifest @types/body-parser@*
32 silly packumentCache full:https://registry.npmjs.org/@types%2fbody-parser cache-miss
33 http fetch GET 200 https://registry.npmjs.org/@types%2fbody-parser 52ms (cache miss)
34 silly packumentCache full:https://registry.npmjs.org/@types%2fbody-parser set size:undefined disposed:false
35 silly fetch manifest @types/serve-static@*
36 silly packumentCache full:https://registry.npmjs.org/@types%2fserve-static cache-miss
37 http fetch GET 200 https://registry.npmjs.org/@types%2fserve-static 49ms (cache miss)
38 silly packumentCache full:https://registry.npmjs.org/@types%2fserve-static set size:undefined disposed:false
39 silly fetch manifest @types/express-serve-static-core@^5.0.0
40 silly packumentCache full:https://registry.npmjs.org/@types%2fexpress-serve-static-core cache-miss
41 http fetch GET 200 https://registry.npmjs.org/@types%2fexpress-serve-static-core 51ms (cache miss)
42 silly packumentCache full:https://registry.npmjs.org/@types%2fexpress-serve-static-core set size:undefined disposed:false
43 silly placeDep ROOT @types/body-parser@1.19.5 OK for: @types/express@5.0.1 want: *
44 silly placeDep ROOT @types/express-serve-static-core@5.0.6 OK for: @types/express@5.0.1 want: ^5.0.0
45 silly placeDep ROOT @types/serve-static@1.15.7 OK for: @types/express@5.0.1 want: *
46 silly fetch manifest @types/node@*
47 silly packumentCache full:https://registry.npmjs.org/@types%2fnode cache-miss
48 http fetch GET 200 https://registry.npmjs.org/@types%2fnode 219ms (cache miss)
49 silly packumentCache full:https://registry.npmjs.org/@types%2fnode set size:undefined disposed:false
50 silly fetch manifest @types/connect@*
51 silly packumentCache full:https://registry.npmjs.org/@types%2fconnect cache-miss
52 http fetch GET 200 https://registry.npmjs.org/@types%2fconnect 50ms (cache miss)
53 silly packumentCache full:https://registry.npmjs.org/@types%2fconnect set size:undefined disposed:false
54 silly fetch manifest @types/qs@*
55 silly packumentCache full:https://registry.npmjs.org/@types%2fqs cache-miss
56 http fetch GET 200 https://registry.npmjs.org/@types%2fqs 40ms (cache miss)
57 silly packumentCache full:https://registry.npmjs.org/@types%2fqs set size:undefined disposed:false
58 silly fetch manifest @types/send@*
59 silly packumentCache full:https://registry.npmjs.org/@types%2fsend cache-miss
60 http fetch GET 200 https://registry.npmjs.org/@types%2fsend 45ms (cache miss)
61 silly packumentCache full:https://registry.npmjs.org/@types%2fsend set size:undefined disposed:false
62 silly fetch manifest @types/range-parser@*
63 silly packumentCache full:https://registry.npmjs.org/@types%2frange-parser cache-miss
64 http fetch GET 200 https://registry.npmjs.org/@types%2frange-parser 40ms (cache miss)
65 silly packumentCache full:https://registry.npmjs.org/@types%2frange-parser set size:undefined disposed:false
66 silly fetch manifest @types/http-errors@*
67 silly packumentCache full:https://registry.npmjs.org/@types%2fhttp-errors cache-miss
68 http fetch GET 200 https://registry.npmjs.org/@types%2fhttp-errors 37ms (cache miss)
69 silly packumentCache full:https://registry.npmjs.org/@types%2fhttp-errors set size:undefined disposed:false
70 silly placeDep ROOT @types/connect@3.4.38 OK for: @types/body-parser@1.19.5 want: *
71 silly placeDep ROOT @types/node@22.14.0 OK for: @types/body-parser@1.19.5 want: *
72 silly fetch manifest undici-types@~6.21.0
73 silly packumentCache full:https://registry.npmjs.org/undici-types cache-miss
74 http fetch GET 200 https://registry.npmjs.org/undici-types 33ms (cache miss)
75 silly packumentCache full:https://registry.npmjs.org/undici-types set size:undefined disposed:false
76 silly placeDep ROOT @types/qs@6.9.18 OK for: @types/express-serve-static-core@5.0.6 want: *
77 silly placeDep ROOT @types/range-parser@1.2.7 OK for: @types/express-serve-static-core@5.0.6 want: *
78 silly placeDep ROOT @types/send@0.17.4 OK for: @types/express-serve-static-core@5.0.6 want: *
79 silly fetch manifest @types/mime@^1
80 silly packumentCache full:https://registry.npmjs.org/@types%2fmime cache-miss
81 http fetch GET 200 https://registry.npmjs.org/@types%2fmime 47ms (cache miss)
82 silly packumentCache full:https://registry.npmjs.org/@types%2fmime set size:undefined disposed:false
83 silly placeDep ROOT undici-types@6.21.0 OK for: @types/node@22.14.0 want: ~6.21.0
84 silly placeDep ROOT @types/mime@1.3.5 OK for: @types/send@0.17.4 want: ^1
85 silly placeDep ROOT @types/http-errors@2.0.4 OK for: @types/serve-static@1.15.7 want: *
86 silly reify moves {}
87 silly audit bulk request {
87 silly audit   'types-registry': [ '0.1.715' ],
87 silly audit   '@types/express': [ '5.0.1' ],
87 silly audit   '@types/pug': [ '2.0.10' ],
87 silly audit   '@types/body-parser': [ '1.19.5' ],
87 silly audit   '@types/express-serve-static-core': [ '5.0.6' ],
87 silly audit   '@types/serve-static': [ '1.15.7' ],
87 silly audit   '@types/connect': [ '3.4.38' ],
87 silly audit   '@types/node': [ '22.14.0' ],
87 silly audit   '@types/qs': [ '6.9.18' ],
87 silly audit   '@types/range-parser': [ '1.2.7' ],
87 silly audit   '@types/send': [ '0.17.4' ],
87 silly audit   'undici-types': [ '6.21.0' ],
87 silly audit   '@types/mime': [ '1.3.5' ],
87 silly audit   '@types/http-errors': [ '2.0.4' ]
87 silly audit }
88 http cache @types/http-errors@https://registry.npmjs.org/@types/http-errors/-/http-errors-2.0.4.tgz 1ms (cache hit)
89 http cache @types/mime@https://registry.npmjs.org/@types/mime/-/mime-1.3.5.tgz 0ms (cache hit)
90 http cache undici-types@https://registry.npmjs.org/undici-types/-/undici-types-6.21.0.tgz 0ms (cache hit)
91 http cache @types/send@https://registry.npmjs.org/@types/send/-/send-0.17.4.tgz 0ms (cache hit)
92 http cache @types/range-parser@https://registry.npmjs.org/@types/range-parser/-/range-parser-1.2.7.tgz 0ms (cache hit)
93 http cache @types/qs@https://registry.npmjs.org/@types/qs/-/qs-6.9.18.tgz 0ms (cache hit)
94 http cache @types/node@https://registry.npmjs.org/@types/node/-/node-22.14.0.tgz 0ms (cache hit)
95 http cache @types/connect@https://registry.npmjs.org/@types/connect/-/connect-3.4.38.tgz 0ms (cache hit)
96 http cache @types/serve-static@https://registry.npmjs.org/@types/serve-static/-/serve-static-1.15.7.tgz 0ms (cache hit)
97 http cache @types/express-serve-static-core@https://registry.npmjs.org/@types/express-serve-static-core/-/express-serve-static-core-5.0.6.tgz 0ms (cache hit)
98 http cache @types/body-parser@https://registry.npmjs.org/@types/body-parser/-/body-parser-1.19.5.tgz 0ms (cache hit)
99 http cache @types/pug@https://registry.npmjs.org/@types/pug/-/pug-2.0.10.tgz 0ms (cache hit)
100 http cache @types/express@https://registry.npmjs.org/@types/express/-/express-5.0.1.tgz 0ms (cache hit)
101 silly tarball no local data for @types/http-errors@https://registry.npmjs.org/@types/http-errors/-/http-errors-2.0.4.tgz. Extracting by manifest.
102 silly tarball no local data for @types/mime@https://registry.npmjs.org/@types/mime/-/mime-1.3.5.tgz. Extracting by manifest.
103 silly tarball no local data for undici-types@https://registry.npmjs.org/undici-types/-/undici-types-6.21.0.tgz. Extracting by manifest.
104 silly tarball no local data for @types/send@https://registry.npmjs.org/@types/send/-/send-0.17.4.tgz. Extracting by manifest.
105 silly tarball no local data for @types/range-parser@https://registry.npmjs.org/@types/range-parser/-/range-parser-1.2.7.tgz. Extracting by manifest.
106 silly tarball no local data for @types/qs@https://registry.npmjs.org/@types/qs/-/qs-6.9.18.tgz. Extracting by manifest.
107 silly tarball no local data for @types/node@https://registry.npmjs.org/@types/node/-/node-22.14.0.tgz. Extracting by manifest.
108 silly tarball no local data for @types/connect@https://registry.npmjs.org/@types/connect/-/connect-3.4.38.tgz. Extracting by manifest.
109 silly tarball no local data for @types/serve-static@https://registry.npmjs.org/@types/serve-static/-/serve-static-1.15.7.tgz. Extracting by manifest.
110 silly tarball no local data for @types/express-serve-static-core@https://registry.npmjs.org/@types/express-serve-static-core/-/express-serve-static-core-5.0.6.tgz. Extracting by manifest.
111 silly tarball no local data for @types/body-parser@https://registry.npmjs.org/@types/body-parser/-/body-parser-1.19.5.tgz. Extracting by manifest.
112 silly tarball no local data for @types/pug@https://registry.npmjs.org/@types/pug/-/pug-2.0.10.tgz. Extracting by manifest.
113 silly tarball no local data for @types/express@https://registry.npmjs.org/@types/express/-/express-5.0.1.tgz. Extracting by manifest.
114 http fetch GET 200 https://registry.npmjs.org/@types/http-errors/-/http-errors-2.0.4.tgz 169ms (cache miss)
115 http fetch GET 200 https://registry.npmjs.org/@types/mime/-/mime-1.3.5.tgz 175ms (cache miss)
116 http fetch GET 200 https://registry.npmjs.org/@types/qs/-/qs-6.9.18.tgz 175ms (cache miss)
117 http fetch GET 200 https://registry.npmjs.org/@types/connect/-/connect-3.4.38.tgz 177ms (cache miss)
118 http fetch GET 200 https://registry.npmjs.org/@types/send/-/send-0.17.4.tgz 181ms (cache miss)
119 http fetch POST 200 https://registry.npmjs.org/-/npm/v1/security/advisories/bulk 198ms
120 silly audit report {}
121 http fetch GET 200 https://registry.npmjs.org/@types/range-parser/-/range-parser-1.2.7.tgz 184ms (cache miss)
122 http fetch GET 200 https://registry.npmjs.org/@types/express/-/express-5.0.1.tgz 180ms (cache miss)
123 http fetch GET 200 https://registry.npmjs.org/@types/body-parser/-/body-parser-1.19.5.tgz 182ms (cache miss)
124 http fetch GET 200 https://registry.npmjs.org/@types/serve-static/-/serve-static-1.15.7.tgz 184ms (cache miss)
125 http fetch GET 200 https://registry.npmjs.org/@types/express-serve-static-core/-/express-serve-static-core-5.0.6.tgz 189ms (cache miss)
126 http fetch GET 200 https://registry.npmjs.org/undici-types/-/undici-types-6.21.0.tgz 211ms (cache miss)
127 http fetch GET 200 https://registry.npmjs.org/@types/node/-/node-22.14.0.tgz 299ms (cache miss)
128 http fetch GET 200 https://registry.npmjs.org/@types/pug/-/pug-2.0.10.tgz 297ms (cache miss)
129 silly ADD node_modules/@types/http-errors
130 silly ADD node_modules/@types/mime
131 silly ADD node_modules/undici-types
132 silly ADD node_modules/@types/send
133 silly ADD node_modules/@types/range-parser
134 silly ADD node_modules/@types/qs
135 silly ADD node_modules/@types/node
136 silly ADD node_modules/@types/connect
137 silly ADD node_modules/@types/serve-static
138 silly ADD node_modules/@types/express-serve-static-core
139 silly ADD node_modules/@types/body-parser
140 silly ADD node_modules/@types/pug
141 silly ADD node_modules/@types/express
142 verbose cwd /home/aysen_popov_1999/.cache/typescript/5.6
143 verbose os Linux 6.6.72+
144 verbose node v22.14.0
145 verbose npm  v11.2.0
146 verbose exit 0
147 info ok
