2025-04-10 09:43:33.338 [warning] Dir "/home/aysen_popov_1999/.pixi/envs" is not watchable (directory does not exist)
2025-04-10 09:43:33.338 [info] Starting Environment refresh
2025-04-10 09:43:33.338 [info] Searching for interpreters in posix paths locator
2025-04-10 09:43:33.338 [info] Searching for pyenv environments
2025-04-10 09:43:33.338 [info] Searching for conda environments
2025-04-10 09:43:33.338 [info] Searching for global virtual environments
2025-04-10 09:43:33.338 [info] Searching for custom virtual environments
2025-04-10 09:43:33.338 [info] pyenv is not installed
2025-04-10 09:43:33.338 [info] Finished searching for pyenv environments: 37 milliseconds
2025-04-10 09:43:33.338 [info] Finished searching for custom virtual envs: 33 milliseconds
2025-04-10 09:43:33.338 [info] > conda info --json
2025-04-10 09:43:33.338 [info] > hatch env show --json
2025-04-10 09:43:33.338 [info] cwd: .
2025-04-10 09:43:33.338 [info] > pyenv which python
2025-04-10 09:43:33.338 [info] cwd: .
2025-04-10 09:43:33.338 [info] Finished searching for global virtual envs: 126 milliseconds
2025-04-10 09:43:33.348 [info] Found: /bin/python --> /bin/python3.12
2025-04-10 09:43:33.374 [info] Found: /bin/python3 --> /bin/python3.12
2025-04-10 09:43:33.381 [info] Found: /bin/python3.12 --> /bin/python3.12
2025-04-10 09:43:33.480 [info] Found: /usr/bin/python --> /usr/bin/python3.12
2025-04-10 09:43:33.491 [info] Found: /usr/bin/python3 --> /usr/bin/python3.12
2025-04-10 09:43:33.495 [info] Found: /usr/bin/python3.12 --> /usr/bin/python3.12
2025-04-10 09:43:33.689 [info] Finished searching for interpreters in posix paths locator: 525 milliseconds
2025-04-10 09:43:33.690 [info] > /bin/python -I /google/devshell/editor/code-oss-for-cloud-shell/extensions/ms-python.python/python_files/get_output_via_markers.py /google/devshell/editor/code-oss-for-cloud-shell/extensions/ms-python.python/python_files/interpreterInfo.py
2025-04-10 09:43:33.896 [info] > /usr/bin/python -I /google/devshell/editor/code-oss-for-cloud-shell/extensions/ms-python.python/python_files/get_output_via_markers.py /google/devshell/editor/code-oss-for-cloud-shell/extensions/ms-python.python/python_files/interpreterInfo.py
2025-04-10 09:43:33.896 [info] Environments refresh paths discovered (event): 750 milliseconds
2025-04-10 09:43:33.896 [info] Environments refresh paths discovered: 750 milliseconds
2025-04-10 09:43:34.105 [info] Environments refresh finished (event): 959 milliseconds
2025-04-10 09:43:34.132 [info] Environment refresh took 986 milliseconds
2025-04-10 09:43:34.161 [info] Python interpreter path: /bin/python
2025-04-10 09:43:41.573 [info] Starting Jedi language server for aysen_popov_1999.
2025-04-10 09:43:46.223 [info] Discover tests for workspace name: aysen_popov_1999 - uri: /home/aysen_popov_1999/helloworld-python/main.py
2025-04-10 09:43:54.024 [info] Running installed packages checker:  {
  id: '/bin/python',
  sysPrefix: '/usr',
  envType: 'Global',
  envName: '',
  envPath: '',
  path: '/bin/python',
  architecture: 3,
  sysVersion: '3.12.3 (main, Feb  4 2025, 14:48:35) [GCC 13.3.0]',
  version: {
    raw: '3.12.3',
    major: 3,
    minor: 12,
    patch: 3,
    build: [],
    prerelease: [ 'final', '0' ]
  },
  displayName: 'Python 3.12.3 64-bit',
  detailedDisplayName: 'Python 3.12.3 64-bit',
  type: undefined
} /google/devshell/editor/code-oss-for-cloud-shell/extensions/ms-python.python/python_files/installed_check.py /home/aysen_popov_1999/helloworld-python/requirements.txt
2025-04-10 09:43:54.024 [info] > /bin/python /google/devshell/editor/code-oss-for-cloud-shell/extensions/ms-python.python/python_files/installed_check.py ./helloworld-python/requirements.txt
2025-04-10 09:44:06.137 [info] Running installed packages checker:  {
  id: '/bin/python',
  sysPrefix: '/usr',
  envType: 'Global',
  envName: '',
  envPath: '',
  path: '/bin/python',
  architecture: 3,
  sysVersion: '3.12.3 (main, Feb  4 2025, 14:48:35) [GCC 13.3.0]',
  version: {
    raw: '3.12.3',
    major: 3,
    minor: 12,
    patch: 3,
    build: [],
    prerelease: [ 'final', '0' ]
  },
  displayName: 'Python 3.12.3 64-bit',
  detailedDisplayName: 'Python 3.12.3 64-bit',
  type: undefined
} /google/devshell/editor/code-oss-for-cloud-shell/extensions/ms-python.python/python_files/installed_check.py /home/aysen_popov_1999/helloworld-python/requirements.txt
2025-04-10 09:44:06.137 [info] > /bin/python /google/devshell/editor/code-oss-for-cloud-shell/extensions/ms-python.python/python_files/installed_check.py ./helloworld-python/requirements.txt
